# JRE version: Java(TM) SE Runtime Environment (7.0_67-b01) (build 1.7.0_67-b01)
# Java VM: Java HotSpot(TM) 64-Bit Server VM (24.65-b04 mixed mode windows-amd64 compressed oops)
Heap
 PSYoungGen      total 429568K, used 251449K [0x00000007d5c80000, 0x00000007ffe80000, 0x0000000800000000)
  eden space 425984K, 58% used [0x00000007d5c80000,0x00000007e51ae760,0x00000007efc80000)
  from space 3584K, 10% used [0x00000007efc80000,0x00000007efce0000,0x00000007f0000000)
  to   space 4096K, 0% used [0x00000007ffa80000,0x00000007ffa80000,0x00000007ffe80000)
 ParOldGen       total 86016K, used 14901K [0x0000000781600000, 0x0000000786a00000, 0x00000007d5c80000)
  object space 86016K, 17% used [0x0000000781600000,0x000000078248d4c8,0x0000000786a00000)
 PSPermGen       total 21504K, used 13139K [0x000000077c400000, 0x000000077d900000, 0x0000000781600000)
  object space 21504K, 61% used [0x000000077c400000,0x000000077d0d4c70,0x000000077d900000)
GC Heap History (10 events):
Event: 88.506 GC heap before
{Heap before GC invocations=7 (full 0):
 PSYoungGen      total 136192K, used 135739K [0x00000007d5c80000, 0x00000007de480000, 0x0000000800000000)
  eden space 133120K, 100% used [0x00000007d5c80000,0x00000007dde80000,0x00000007dde80000)
  from space 3072K, 85% used [0x00000007de180000,0x00000007de40eea0,0x00000007de480000)
  to   space 3072K, 0% used [0x00000007dde80000,0x00000007dde80000,0x00000007de180000)
 ParOldGen       total 86016K, used 121K [0x0000000781600000, 0x0000000786a00000, 0x00000007d5c80000)
  object space 86016K, 0% used [0x0000000781600000,0x000000078161e720,0x0000000786a00000)
 PSPermGen       total 21504K, used 13005K [0x000000077c400000, 0x000000077d900000, 0x0000000781600000)
  object space 21504K, 60% used [0x000000077c400000,0x000000077d0b3760,0x000000077d900000)
Event: 88.515 GC heap after
Heap after GC invocations=7 (full 0):
 PSYoungGen      total 136192K, used 384K [0x00000007d5c80000, 0x00000007e6780000, 0x0000000800000000)
  eden space 133120K, 0% used [0x00000007d5c80000,0x00000007d5c80000,0x00000007dde80000)
  from space 3072K, 12% used [0x00000007dde80000,0x00000007ddee0000,0x00000007de180000)
  to   space 3584K, 0% used [0x00000007e6400000,0x00000007e6400000,0x00000007e6780000)
 ParOldGen       total 86016K, used 2591K [0x0000000781600000, 0x0000000786a00000, 0x00000007d5c80000)
  object space 86016K, 3% used [0x0000000781600000,0x0000000781887c78,0x0000000786a00000)
 PSPermGen       total 21504K, used 13005K [0x000000077c400000, 0x000000077d900000, 0x0000000781600000)
  object space 21504K, 60% used [0x000000077c400000,0x000000077d0b3760,0x000000077d900000)
}
Event: 89.463 GC heap before
{Heap before GC invocations=8 (full 0):
 PSYoungGen      total 136192K, used 133504K [0x00000007d5c80000, 0x00000007e6780000, 0x0000000800000000)
  eden space 133120K, 100% used [0x00000007d5c80000,0x00000007dde80000,0x00000007dde80000)
  from space 3072K, 12% used [0x00000007dde80000,0x00000007ddee0000,0x00000007de180000)
  to   space 3584K, 0% used [0x00000007e6400000,0x00000007e6400000,0x00000007e6780000)
 ParOldGen       total 86016K, used 2591K [0x0000000781600000, 0x0000000786a00000, 0x00000007d5c80000)
  object space 86016K, 3% used [0x0000000781600000,0x0000000781887c78,0x0000000786a00000)
 PSPermGen       total 21504K, used 13022K [0x000000077c400000, 0x000000077d900000, 0x0000000781600000)
  object space 21504K, 60% used [0x000000077c400000,0x000000077d0b7968,0x000000077d900000)
Event: 89.475 GC heap after
Heap after GC invocations=8 (full 0):
 PSYoungGen      total 269824K, used 448K [0x00000007d5c80000, 0x00000007e6780000, 0x0000000800000000)
  eden space 266240K, 0% used [0x00000007d5c80000,0x00000007d5c80000,0x00000007e6080000)
  from space 3584K, 12% used [0x00000007e6400000,0x00000007e6470000,0x00000007e6780000)
  to   space 3584K, 0% used [0x00000007e6080000,0x00000007e6080000,0x00000007e6400000)
 ParOldGen       total 86016K, used 13954K [0x0000000781600000, 0x0000000786a00000, 0x00000007d5c80000)
  object space 86016K, 16% used [0x0000000781600000,0x00000007823a0b00,0x0000000786a00000)
 PSPermGen       total 21504K, used 13022K [0x000000077c400000, 0x000000077d900000, 0x0000000781600000)
  object space 21504K, 60% used [0x000000077c400000,0x000000077d0b7968,0x000000077d900000)
}
Event: 93.455 GC heap before
{Heap before GC invocations=9 (full 0):
 PSYoungGen      total 269824K, used 266688K [0x00000007d5c80000, 0x00000007e6780000, 0x0000000800000000)
  eden space 266240K, 100% used [0x00000007d5c80000,0x00000007e6080000,0x00000007e6080000)
  from space 3584K, 12% used [0x00000007e6400000,0x00000007e6470000,0x00000007e6780000)
  to   space 3584K, 0% used [0x00000007e6080000,0x00000007e6080000,0x00000007e6400000)
 ParOldGen       total 86016K, used 13954K [0x0000000781600000, 0x0000000786a00000, 0x00000007d5c80000)
  object space 86016K, 16% used [0x0000000781600000,0x00000007823a0b00,0x0000000786a00000)
 PSPermGen       total 21504K, used 13029K [0x000000077c400000, 0x000000077d900000, 0x0000000781600000)
  object space 21504K, 60% used [0x000000077c400000,0x000000077d0b94f0,0x000000077d900000)
Event: 93.458 GC heap after
Heap after GC invocations=9 (full 0):
 PSYoungGen      total 269824K, used 480K [0x00000007d5c80000, 0x00000007f0380000, 0x0000000800000000)
  eden space 266240K, 0% used [0x00000007d5c80000,0x00000007d5c80000,0x00000007e6080000)
  from space 3584K, 13% used [0x00000007e6080000,0x00000007e60f8000,0x00000007e6400000)
  to   space 3584K, 0% used [0x00000007f0000000,0x00000007f0000000,0x00000007f0380000)
 ParOldGen       total 86016K, used 14092K [0x0000000781600000, 0x0000000786a00000, 0x00000007d5c80000)
  object space 86016K, 16% used [0x0000000781600000,0x00000007823c3208,0x0000000786a00000)
 PSPermGen       total 21504K, used 13029K [0x000000077c400000, 0x000000077d900000, 0x0000000781600000)
  object space 21504K, 60% used [0x000000077c400000,0x000000077d0b94f0,0x000000077d900000)
}
Event: 94.114 GC heap before
{Heap before GC invocations=10 (full 0):
 PSYoungGen      total 269824K, used 266720K [0x00000007d5c80000, 0x00000007f0380000, 0x0000000800000000)
  eden space 266240K, 100% used [0x00000007d5c80000,0x00000007e6080000,0x00000007e6080000)
  from space 3584K, 13% used [0x00000007e6080000,0x00000007e60f8000,0x00000007e6400000)
  to   space 3584K, 0% used [0x00000007f0000000,0x00000007f0000000,0x00000007f0380000)
 ParOldGen       total 86016K, used 14099K [0x0000000781600000, 0x0000000786a00000, 0x00000007d5c80000)
  object space 86016K, 16% used [0x0000000781600000,0x00000007823c4eb8,0x0000000786a00000)
 PSPermGen       total 21504K, used 13037K [0x000000077c400000, 0x000000077d900000, 0x0000000781600000)
  object space 21504K, 60% used [0x000000077c400000,0x000000077d0bb538,0x000000077d900000)
Event: 94.116 GC heap after
Heap after GC invocations=10 (full 0):
 PSYoungGen      total 429568K, used 480K [0x00000007d5c80000, 0x00000007f0380000, 0x0000000800000000)
  eden space 425984K, 0% used [0x00000007d5c80000,0x00000007d5c80000,0x00000007efc80000)
  from space 3584K, 13% used [0x00000007f0000000,0x00000007f0078000,0x00000007f0380000)
  to   space 3584K, 0% used [0x00000007efc80000,0x00000007efc80000,0x00000007f0000000)
 ParOldGen       total 86016K, used 14326K [0x0000000781600000, 0x0000000786a00000, 0x00000007d5c80000)
  object space 86016K, 16% used [0x0000000781600000,0x00000007823fd920,0x0000000786a00000)
 PSPermGen       total 21504K, used 13037K [0x000000077c400000, 0x000000077d900000, 0x0000000781600000)
  object space 21504K, 60% used [0x000000077c400000,0x000000077d0bb538,0x000000077d900000)
}
Event: 95.415 GC heap before
{Heap before GC invocations=11 (full 0):
 PSYoungGen      total 429568K, used 426464K [0x00000007d5c80000, 0x00000007f0380000, 0x0000000800000000)
  eden space 425984K, 100% used [0x00000007d5c80000,0x00000007efc80000,0x00000007efc80000)
  from space 3584K, 13% used [0x00000007f0000000,0x00000007f0078000,0x00000007f0380000)
  to   space 3584K, 0% used [0x00000007efc80000,0x00000007efc80000,0x00000007f0000000)
 ParOldGen       total 86016K, used 14487K [0x0000000781600000, 0x0000000786a00000, 0x00000007d5c80000)
  object space 86016K, 16% used [0x0000000781600000,0x0000000782425e28,0x0000000786a00000)
 PSPermGen       total 21504K, used 13054K [0x000000077c400000, 0x000000077d900000, 0x0000000781600000)
  object space 21504K, 60% used [0x000000077c400000,0x000000077d0bfb70,0x000000077d900000)
Event: 95.417 GC heap after
Heap after GC invocations=11 (full 0):
 PSYoungGen      total 429568K, used 384K [0x00000007d5c80000, 0x00000007ffe80000, 0x0000000800000000)
  eden space 425984K, 0% used [0x00000007d5c80000,0x00000007d5c80000,0x00000007efc80000)
  from space 3584K, 10% used [0x00000007efc80000,0x00000007efce0000,0x00000007f0000000)
  to   space 4096K, 0% used [0x00000007ffa80000,0x00000007ffa80000,0x00000007ffe80000)
 ParOldGen       total 86016K, used 14901K [0x0000000781600000, 0x0000000786a00000, 0x00000007d5c80000)
  object space 86016K, 17% used [0x0000000781600000,0x000000078248d4c8,0x0000000786a00000)
 PSPermGen       total 21504K, used 13054K [0x000000077c400000, 0x000000077d900000, 0x0000000781600000)
  object space 21504K, 60% used [0x000000077c400000,0x000000077d0bfb70,0x000000077d900000)
}

