# JRE version: Java(TM) SE Runtime Environment (7.0_67-b01) (build 1.7.0_67-b01)
# Java VM: Java HotSpot(TM) 64-Bit Server VM (24.65-b04 mixed mode windows-amd64 compressed oops)
Heap
 PSYoungGen      total 38400K, used 28183K [0x00000007d5c80000, 0x00000007d8700000, 0x0000000800000000)
  eden space 33280K, 80% used [0x00000007d5c80000,0x00000007d76aff50,0x00000007d7d00000)
  from space 5120K, 26% used [0x00000007d7d00000,0x00000007d7e56030,0x00000007d8200000)
  to   space 5120K, 0% used [0x00000007d8200000,0x00000007d8200000,0x00000007d8700000)
 ParOldGen       total 86016K, used 8209K [0x0000000781600000, 0x0000000786a00000, 0x00000007d5c80000)
  object space 86016K, 9% used [0x0000000781600000,0x0000000781e04748,0x0000000786a00000)
 PSPermGen       total 21504K, used 12168K [0x000000077c400000, 0x000000077d900000, 0x0000000781600000)
  object space 21504K, 56% used [0x000000077c400000,0x000000077cfe21d0,0x000000077d900000)
GC Heap History (6 events):
Event: 61.850 GC heap before
{Heap before GC invocations=1 (full 0):
 PSYoungGen      total 38400K, used 33280K [0x00000007d5c80000, 0x00000007d8700000, 0x0000000800000000)
  eden space 33280K, 100% used [0x00000007d5c80000,0x00000007d7d00000,0x00000007d7d00000)
  from space 5120K, 0% used [0x00000007d8200000,0x00000007d8200000,0x00000007d8700000)
  to   space 5120K, 0% used [0x00000007d7d00000,0x00000007d7d00000,0x00000007d8200000)
 ParOldGen       total 86016K, used 0K [0x0000000781600000, 0x0000000786a00000, 0x00000007d5c80000)
  object space 86016K, 0% used [0x0000000781600000,0x0000000781600000,0x0000000786a00000)
 PSPermGen       total 21504K, used 12068K [0x000000077c400000, 0x000000077d900000, 0x0000000781600000)
  object space 21504K, 56% used [0x000000077c400000,0x000000077cfc92f0,0x000000077d900000)
Event: 61.869 GC heap after
Heap after GC invocations=1 (full 0):
 PSYoungGen      total 38400K, used 5097K [0x00000007d5c80000, 0x00000007d8700000, 0x0000000800000000)
  eden space 33280K, 0% used [0x00000007d5c80000,0x00000007d5c80000,0x00000007d7d00000)
  from space 5120K, 99% used [0x00000007d7d00000,0x00000007d81fa778,0x00000007d8200000)
  to   space 5120K, 0% used [0x00000007d8200000,0x00000007d8200000,0x00000007d8700000)
 ParOldGen       total 86016K, used 596K [0x0000000781600000, 0x0000000786a00000, 0x00000007d5c80000)
  object space 86016K, 0% used [0x0000000781600000,0x0000000781695088,0x0000000786a00000)
 PSPermGen       total 21504K, used 12068K [0x000000077c400000, 0x000000077d900000, 0x0000000781600000)
  object space 21504K, 56% used [0x000000077c400000,0x000000077cfc92f0,0x000000077d900000)
}
Event: 71.777 GC heap before
{Heap before GC invocations=2 (full 0):
 PSYoungGen      total 38400K, used 38377K [0x00000007d5c80000, 0x00000007d8700000, 0x0000000800000000)
  eden space 33280K, 100% used [0x00000007d5c80000,0x00000007d7d00000,0x00000007d7d00000)
  from space 5120K, 99% used [0x00000007d7d00000,0x00000007d81fa778,0x00000007d8200000)
  to   space 5120K, 0% used [0x00000007d8200000,0x00000007d8200000,0x00000007d8700000)
 ParOldGen       total 86016K, used 596K [0x0000000781600000, 0x0000000786a00000, 0x00000007d5c80000)
  object space 86016K, 0% used [0x0000000781600000,0x0000000781695088,0x0000000786a00000)
 PSPermGen       total 21504K, used 12109K [0x000000077c400000, 0x000000077d900000, 0x0000000781600000)
  object space 21504K, 56% used [0x000000077c400000,0x000000077cfd3678,0x000000077d900000)
Event: 71.799 GC heap after
Heap after GC invocations=2 (full 0):
 PSYoungGen      total 38400K, used 5097K [0x00000007d5c80000, 0x00000007d8700000, 0x0000000800000000)
  eden space 33280K, 0% used [0x00000007d5c80000,0x00000007d5c80000,0x00000007d7d00000)
  from space 5120K, 99% used [0x00000007d8200000,0x00000007d86fa798,0x00000007d8700000)
  to   space 5120K, 0% used [0x00000007d7d00000,0x00000007d7d00000,0x00000007d8200000)
 ParOldGen       total 86016K, used 8201K [0x0000000781600000, 0x0000000786a00000, 0x00000007d5c80000)
  object space 86016K, 9% used [0x0000000781600000,0x0000000781e02748,0x0000000786a00000)
 PSPermGen       total 21504K, used 12109K [0x000000077c400000, 0x000000077d900000, 0x0000000781600000)
  object space 21504K, 56% used [0x000000077c400000,0x000000077cfd3678,0x000000077d900000)
}
Event: 78.276 GC heap before
{Heap before GC invocations=3 (full 0):
 PSYoungGen      total 38400K, used 38377K [0x00000007d5c80000, 0x00000007d8700000, 0x0000000800000000)
  eden space 33280K, 100% used [0x00000007d5c80000,0x00000007d7d00000,0x00000007d7d00000)
  from space 5120K, 99% used [0x00000007d8200000,0x00000007d86fa798,0x00000007d8700000)
  to   space 5120K, 0% used [0x00000007d7d00000,0x00000007d7d00000,0x00000007d8200000)
 ParOldGen       total 86016K, used 8201K [0x0000000781600000, 0x0000000786a00000, 0x00000007d5c80000)
  object space 86016K, 9% used [0x0000000781600000,0x0000000781e02748,0x0000000786a00000)
 PSPermGen       total 21504K, used 12121K [0x000000077c400000, 0x000000077d900000, 0x0000000781600000)
  object space 21504K, 56% used [0x000000077c400000,0x000000077cfd6510,0x000000077d900000)
Event: 78.288 GC heap after
Heap after GC invocations=3 (full 0):
 PSYoungGen      total 38400K, used 1368K [0x00000007d5c80000, 0x00000007d8700000, 0x0000000800000000)
  eden space 33280K, 0% used [0x00000007d5c80000,0x00000007d5c80000,0x00000007d7d00000)
  from space 5120K, 26% used [0x00000007d7d00000,0x00000007d7e56030,0x00000007d8200000)
  to   space 5120K, 0% used [0x00000007d8200000,0x00000007d8200000,0x00000007d8700000)
 ParOldGen       total 86016K, used 8209K [0x0000000781600000, 0x0000000786a00000, 0x00000007d5c80000)
  object space 86016K, 9% used [0x0000000781600000,0x0000000781e04748,0x0000000786a00000)
 PSPermGen       total 21504K, used 12121K [0x000000077c400000, 0x000000077d900000, 0x0000000781600000)
  object space 21504K, 56% used [0x000000077c400000,0x000000077cfd6510,0x000000077d900000)
}

